22-08-2013 14:19:43 listCountries: {"filters":[],"sort":[[]]}
22-08-2013 14:19:44 CreateOrder: {"Data":{"UserID":"skybardpf@artektiv.ru","DateOfPreOrder":"2013-08-22T14:01:13","NumberOfPreOrder":"000000324","CompanyName":"фиф","Beneficiary":"фивфи","NumberOfSeat":"фчифи","Consignment":"фифи","NumberOfSeatMeasure":"FL","Weight":"NaN","WeightMeasure":"","Documents":"фи","StartDate":"2013-08-14","EndDate":"2013-08-29","Date":"","Number":"","Transports":[{"Country":"036","City":"000000110","Transport":"30","RegistrationNumber":"фимфи"},{"Country":"036","City":"000000124","Transport":"30","RegistrationNumber":"фмчфмифм"}]}}
22-08-2013 14:20:32 listCountries: {"filters":[],"sort":[[]]}
22-08-2013 14:21:00 listCountries: {"filters":[],"sort":[[]]}
22-08-2013 14:21:33 listCountries: {"filters":[],"sort":[[]]}
22-08-2013 14:36:55 GetOrderList: {"UserID":"skybardpf@artektiv.ru"}
22-08-2013 14:36:56 GetOrder: {"NumberOrder":"000000013","DateOrder":"2013-08-22T14:02:49"}
22-08-2013 14:36:57 GetOrder: {"NumberOrder":"000000014","DateOrder":"2013-08-22T14:14:50"}
22-08-2013 14:36:58 GetOrder: {"NumberOrder":"000000015","DateOrder":"2013-08-22T14:15:58"}
22-08-2013 14:36:59 GetOrder: {"NumberOrder":"000000016","DateOrder":"2013-08-22T14:16:26"}
22-08-2013 14:36:59 GetOrder: {"NumberOrder":"000000017","DateOrder":"2013-08-22T14:16:39"}
22-08-2013 14:37:00 GetOrder: {"NumberOrder":"000000018","DateOrder":"2013-08-22T14:18:49"}
22-08-2013 14:37:01 GetOrder: {"NumberOrder":"000000019","DateOrder":"2013-08-22T14:19:45"}
22-08-2013 14:37:02 GetOrder: {"NumberOrder":"000000020","DateOrder":"2013-08-22T14:32:13"}
22-08-2013 14:37:03 GetOrder: {"NumberOrder":"000000021","DateOrder":"2013-08-22T14:32:14"}
22-08-2013 14:38:34 GetOrderList: {"UserID":"skybardpf@artektiv.ru"}
22-08-2013 14:38:35 GetOrder: {"NumberOrder":"000000013","DateOrder":"2013-08-22T14:02:49"}
22-08-2013 14:38:36 GetOrder: {"NumberOrder":"000000014","DateOrder":"2013-08-22T14:14:50"}
22-08-2013 14:38:37 GetOrder: {"NumberOrder":"000000015","DateOrder":"2013-08-22T14:15:58"}
22-08-2013 14:38:38 GetOrder: {"NumberOrder":"000000016","DateOrder":"2013-08-22T14:16:26"}
22-08-2013 14:38:39 GetOrder: {"NumberOrder":"000000017","DateOrder":"2013-08-22T14:16:39"}
22-08-2013 14:38:40 GetOrder: {"NumberOrder":"000000018","DateOrder":"2013-08-22T14:18:49"}
22-08-2013 14:38:41 GetOrder: {"NumberOrder":"000000019","DateOrder":"2013-08-22T14:19:45"}
22-08-2013 14:38:42 GetOrder: {"NumberOrder":"000000020","DateOrder":"2013-08-22T14:32:13"}
22-08-2013 14:38:42 GetOrder: {"NumberOrder":"000000021","DateOrder":"2013-08-22T14:32:14"}
22-08-2013 14:38:50 GetOrderList: {"UserID":"skybardpf@artektiv.ru"}
22-08-2013 14:38:51 GetOrder: {"NumberOrder":"000000013","DateOrder":"2013-08-22T14:02:49"}
22-08-2013 14:38:52 GetOrder: {"NumberOrder":"000000014","DateOrder":"2013-08-22T14:14:50"}
22-08-2013 14:38:53 GetOrder: {"NumberOrder":"000000015","DateOrder":"2013-08-22T14:15:58"}
22-08-2013 14:38:54 GetOrder: {"NumberOrder":"000000016","DateOrder":"2013-08-22T14:16:26"}
22-08-2013 14:38:54 GetOrder: {"NumberOrder":"000000017","DateOrder":"2013-08-22T14:16:39"}
22-08-2013 14:38:55 GetOrder: {"NumberOrder":"000000018","DateOrder":"2013-08-22T14:18:49"}
22-08-2013 14:38:56 GetOrder: {"NumberOrder":"000000019","DateOrder":"2013-08-22T14:19:45"}
22-08-2013 14:38:57 GetOrder: {"NumberOrder":"000000020","DateOrder":"2013-08-22T14:32:13"}
22-08-2013 14:38:58 GetOrder: {"NumberOrder":"000000021","DateOrder":"2013-08-22T14:32:14"}
22-08-2013 14:44:39 GetOrderList: {"UserID":"skybardpf@artektiv.ru"}
22-08-2013 14:44:40 GetOrder: {"NumberOrder":"000000013","DateOrder":"2013-08-22T14:02:49"}
22-08-2013 14:44:41 GetOrder: {"NumberOrder":"000000014","DateOrder":"2013-08-22T14:14:50"}
22-08-2013 14:44:42 GetOrder: {"NumberOrder":"000000015","DateOrder":"2013-08-22T14:15:58"}
22-08-2013 14:44:43 GetOrder: {"NumberOrder":"000000016","DateOrder":"2013-08-22T14:16:26"}
22-08-2013 14:44:44 GetOrder: {"NumberOrder":"000000017","DateOrder":"2013-08-22T14:16:39"}
22-08-2013 14:44:45 GetOrder: {"NumberOrder":"000000018","DateOrder":"2013-08-22T14:18:49"}
22-08-2013 14:44:45 GetOrder: {"NumberOrder":"000000019","DateOrder":"2013-08-22T14:19:45"}
22-08-2013 14:44:46 GetOrder: {"NumberOrder":"000000020","DateOrder":"2013-08-22T14:32:13"}
22-08-2013 14:44:47 GetOrder: {"NumberOrder":"000000021","DateOrder":"2013-08-22T14:32:14"}
22-08-2013 16:40:41 listCountries: {"filters":[],"sort":[[]]}
22-08-2013 16:40:58 GetMeasureOfSeat: []
22-08-2013 16:41:00 getCities: {"id":"036"}
22-08-2013 16:41:22 listCountries: {"filters":[],"sort":[[]]}
22-08-2013 16:41:29 CreateOrder: {"Data":{"UserID":"skybardpf@artektiv.ru","DateOfPreOrder":"2013-08-22T14:01:13","NumberOfPreOrder":"000000324","CompanyName":"фиф","Beneficiary":"фивфи","NumberOfSeat":"фчифи","Consignment":"фифи","NumberOfSeatMeasure":"FL","Weight":"NaN","WeightMeasure":"","Documents":"фи","StartDate":"2013-08-14","EndDate":"2013-08-29","Date":"","Number":"","Transports":[{"Country":"036","City":"000000110","Transport":"30","RegistrationNumber":"фимфи"},{"Country":"036","City":"000000124","Transport":"30","RegistrationNumber":"фмчфмифм"}]}}
23-08-2013 11:07:11 GetOrderList: {"UserID":"skybardpf@artektiv.ru"}
23-08-2013 11:07:17 GetOrder: {"NumberOrder":"000000013","DateOrder":"2013-08-22T14:02:49"}
23-08-2013 11:07:20 GetOrder: {"NumberOrder":"000000014","DateOrder":"2013-08-22T14:14:50"}
23-08-2013 11:07:23 GetOrder: {"NumberOrder":"000000015","DateOrder":"2013-08-22T14:15:58"}
23-08-2013 11:07:28 GetOrder: {"NumberOrder":"000000016","DateOrder":"2013-08-22T14:16:26"}
23-08-2013 11:07:33 GetOrder: {"NumberOrder":"000000017","DateOrder":"2013-08-22T14:16:39"}
23-08-2013 11:07:36 GetOrder: {"NumberOrder":"000000018","DateOrder":"2013-08-22T14:18:49"}
23-08-2013 11:07:38 GetOrder: {"NumberOrder":"000000019","DateOrder":"2013-08-22T14:19:45"}
23-08-2013 11:07:49 GetOrder: {"NumberOrder":"000000020","DateOrder":"2013-08-22T14:32:13"}
23-08-2013 11:07:54 GetOrder: {"NumberOrder":"000000021","DateOrder":"2013-08-22T14:32:14"}
23-08-2013 11:08:00 GetOrder: {"NumberOrder":"000000022","DateOrder":"2013-08-22T17:27:10"}
23-08-2013 11:08:31 GetOrderList: {"UserID":"skybardpf@artektiv.ru"}
23-08-2013 11:08:32 GetOrder: {"NumberOrder":"000000013","DateOrder":"2013-08-22T14:02:49"}
23-08-2013 11:08:34 GetOrder: {"NumberOrder":"000000014","DateOrder":"2013-08-22T14:14:50"}
23-08-2013 11:08:36 GetOrder: {"NumberOrder":"000000015","DateOrder":"2013-08-22T14:15:58"}
23-08-2013 11:08:38 GetOrder: {"NumberOrder":"000000016","DateOrder":"2013-08-22T14:16:26"}
23-08-2013 11:08:41 GetOrder: {"NumberOrder":"000000017","DateOrder":"2013-08-22T14:16:39"}
23-08-2013 11:08:47 GetOrder: {"NumberOrder":"000000018","DateOrder":"2013-08-22T14:18:49"}
23-08-2013 11:08:49 GetOrder: {"NumberOrder":"000000019","DateOrder":"2013-08-22T14:19:45"}
23-08-2013 11:08:56 GetOrder: {"NumberOrder":"000000020","DateOrder":"2013-08-22T14:32:13"}
23-08-2013 11:09:51 GetOrder: {"NumberOrder":"000000021","DateOrder":"2013-08-22T14:32:14"}
23-08-2013 11:09:55 GetOrder: {"NumberOrder":"000000022","DateOrder":"2013-08-22T17:27:10"}
23-08-2013 11:10:25 GetOrderList: {"UserID":"skybardpf@artektiv.ru"}
23-08-2013 11:10:28 GetOrder: {"NumberOrder":"000000013","DateOrder":"2013-08-22T14:02:49"}
23-08-2013 11:11:04 GetOrder: {"NumberOrder":"000000014","DateOrder":"2013-08-22T14:14:50"}
23-08-2013 11:11:47 GetOrder: {"NumberOrder":"000000015","DateOrder":"2013-08-22T14:15:58"}
23-08-2013 11:11:50 GetOrder: {"NumberOrder":"000000016","DateOrder":"2013-08-22T14:16:26"}
23-08-2013 11:11:55 GetOrder: {"NumberOrder":"000000017","DateOrder":"2013-08-22T14:16:39"}
23-08-2013 11:12:00 GetOrder: {"NumberOrder":"000000018","DateOrder":"2013-08-22T14:18:49"}
23-08-2013 11:12:02 GetOrder: {"NumberOrder":"000000019","DateOrder":"2013-08-22T14:19:45"}
23-08-2013 11:12:04 GetOrder: {"NumberOrder":"000000020","DateOrder":"2013-08-22T14:32:13"}
23-08-2013 11:12:16 GetOrder: {"NumberOrder":"000000021","DateOrder":"2013-08-22T14:32:14"}
23-08-2013 11:12:19 GetOrder: {"NumberOrder":"000000022","DateOrder":"2013-08-22T17:27:10"}
23-08-2013 11:20:27 GetOrderList: {"UserID":"skybardpf@artektiv.ru"}
23-08-2013 11:20:28 GetOrder: {"NumberOrder":"000000013","DateOrder":"2013-08-22T14:02:49"}
23-08-2013 11:20:29 GetOrder: {"NumberOrder":"000000014","DateOrder":"2013-08-22T14:14:50"}
23-08-2013 11:20:30 GetOrder: {"NumberOrder":"000000015","DateOrder":"2013-08-22T14:15:58"}
23-08-2013 11:20:31 GetOrder: {"NumberOrder":"000000016","DateOrder":"2013-08-22T14:16:26"}
23-08-2013 11:20:31 GetOrder: {"NumberOrder":"000000017","DateOrder":"2013-08-22T14:16:39"}
23-08-2013 11:20:32 GetOrder: {"NumberOrder":"000000018","DateOrder":"2013-08-22T14:18:49"}
23-08-2013 11:20:33 GetOrder: {"NumberOrder":"000000019","DateOrder":"2013-08-22T14:19:45"}
23-08-2013 11:20:34 GetOrder: {"NumberOrder":"000000020","DateOrder":"2013-08-22T14:32:13"}
23-08-2013 11:20:35 GetOrder: {"NumberOrder":"000000021","DateOrder":"2013-08-22T14:32:14"}
23-08-2013 11:20:36 GetOrder: {"NumberOrder":"000000022","DateOrder":"2013-08-22T17:27:10"}
23-08-2013 11:30:06 GetOrderList: {"UserID":"skybardpf@artektiv.ru"}
23-08-2013 11:30:08 GetOrder: {"NumberOrder":"000000013","DateOrder":"2013-08-22T14:02:49"}
23-08-2013 11:30:09 GetOrder: {"NumberOrder":"000000014","DateOrder":"2013-08-22T14:14:50"}
23-08-2013 11:30:10 GetOrder: {"NumberOrder":"000000015","DateOrder":"2013-08-22T14:15:58"}
23-08-2013 11:30:11 GetOrder: {"NumberOrder":"000000016","DateOrder":"2013-08-22T14:16:26"}
23-08-2013 11:30:12 GetOrder: {"NumberOrder":"000000017","DateOrder":"2013-08-22T14:16:39"}
23-08-2013 11:30:13 GetOrder: {"NumberOrder":"000000018","DateOrder":"2013-08-22T14:18:49"}
23-08-2013 11:30:14 GetOrder: {"NumberOrder":"000000019","DateOrder":"2013-08-22T14:19:45"}
23-08-2013 11:30:15 GetOrder: {"NumberOrder":"000000020","DateOrder":"2013-08-22T14:32:13"}
23-08-2013 11:30:16 GetOrder: {"NumberOrder":"000000021","DateOrder":"2013-08-22T14:32:14"}
23-08-2013 11:30:16 GetOrder: {"NumberOrder":"000000022","DateOrder":"2013-08-22T17:27:10"}
23-08-2013 11:32:06 GetOrderList: {"UserID":"skybardpf@artektiv.ru"}
23-08-2013 11:32:12 GetOrder: {"NumberOrder":"000000013","DateOrder":"2013-08-22T14:02:49"}
23-08-2013 11:32:14 GetOrder: {"NumberOrder":"000000014","DateOrder":"2013-08-22T14:14:50"}
23-08-2013 11:32:16 GetOrder: {"NumberOrder":"000000015","DateOrder":"2013-08-22T14:15:58"}
23-08-2013 11:32:25 GetOrder: {"NumberOrder":"000000016","DateOrder":"2013-08-22T14:16:26"}
23-08-2013 11:32:27 GetOrder: {"NumberOrder":"000000017","DateOrder":"2013-08-22T14:16:39"}
23-08-2013 11:32:29 GetOrder: {"NumberOrder":"000000018","DateOrder":"2013-08-22T14:18:49"}
23-08-2013 11:32:30 GetOrder: {"NumberOrder":"000000019","DateOrder":"2013-08-22T14:19:45"}
23-08-2013 11:32:33 GetOrder: {"NumberOrder":"000000020","DateOrder":"2013-08-22T14:32:13"}
23-08-2013 11:32:34 GetOrder: {"NumberOrder":"000000021","DateOrder":"2013-08-22T14:32:14"}
23-08-2013 11:32:35 GetOrder: {"NumberOrder":"000000022","DateOrder":"2013-08-22T17:27:10"}
23-08-2013 11:36:36 GetOrderList: {"UserID":"vic@artektiv.ru"}
23-08-2013 11:36:37 GetOrder: {"NumberOrder":"000000005","DateOrder":"2013-08-20T17:23:28"}
23-08-2013 11:36:54 GetOrderList: {"UserID":"vic@artektiv.ru"}
23-08-2013 11:36:55 GetOrder: {"NumberOrder":"000000005","DateOrder":"2013-08-20T17:23:28"}
23-08-2013 11:37:26 GetOrderList: {"UserID":"vic@artektiv.ru"}
23-08-2013 11:37:26 GetOrder: {"NumberOrder":"000000005","DateOrder":"2013-08-20T17:23:28"}
23-08-2013 11:38:16 GetOrderList: {"UserID":"vic@artektiv.ru"}
23-08-2013 11:38:17 GetOrder: {"NumberOrder":"000000005","DateOrder":"2013-08-20T17:23:28"}
23-08-2013 11:39:04 GetOrderList: {"UserID":"vic@artektiv.ru"}
23-08-2013 11:39:05 GetOrder: {"NumberOrder":"000000005","DateOrder":"2013-08-20T17:23:28"}
23-08-2013 11:44:25 GetOrderList: {"UserID":"vic@artektiv.ru"}
23-08-2013 11:44:26 GetOrder: {"NumberOrder":"000000005","DateOrder":"2013-08-20T17:23:28"}
23-08-2013 12:01:01 GetOrderList: {"UserID":"vic@artektiv.ru"}
23-08-2013 12:01:02 GetOrder: {"NumberOrder":"000000005","DateOrder":"2013-08-20T17:23:28"}
23-08-2013 12:01:47 GetOrderList: {"UserID":"vic@artektiv.ru"}
23-08-2013 12:01:48 GetOrder: {"NumberOrder":"000000005","DateOrder":"2013-08-20T17:23:28"}
23-08-2013 12:02:43 GetOrderList: {"UserID":"vic@artektiv.ru"}
23-08-2013 12:02:49 GetOrder: {"NumberOrder":"000000005","DateOrder":"2013-08-20T17:23:28"}
23-08-2013 12:06:08 GetOrderList: {"UserID":"vic@artektiv.ru"}
23-08-2013 12:06:09 GetOrder: {"NumberOrder":"000000005","DateOrder":"2013-08-20T17:23:28"}
23-08-2013 12:08:01 GetOrderList: {"UserID":"vic@artektiv.ru"}
23-08-2013 12:08:05 GetOrder: {"NumberOrder":"000000005","DateOrder":"2013-08-20T17:23:28"}
23-08-2013 12:08:10 GetOrderList: {"UserID":"vic@artektiv.ru"}
23-08-2013 12:08:11 GetOrder: {"NumberOrder":"000000005","DateOrder":"2013-08-20T17:23:28"}
23-08-2013 12:10:48 GetOrderList: {"UserID":"vic@artektiv.ru"}
23-08-2013 12:10:49 GetOrder: {"NumberOrder":"000000005","DateOrder":"2013-08-20T17:23:28"}
23-08-2013 12:18:12 GetOrderList: {"UserID":"vic@artektiv.ru"}
23-08-2013 12:18:13 GetOrder: {"NumberOrder":"000000005","DateOrder":"2013-08-20T17:23:28"}
23-08-2013 12:19:06 GetOrderList: {"UserID":"vic@artektiv.ru"}
23-08-2013 12:19:07 GetOrder: {"NumberOrder":"000000005","DateOrder":"2013-08-20T17:23:28"}
23-08-2013 12:27:19 GetOrderList: {"UserID":"vic@artektiv.ru"}
23-08-2013 12:27:20 GetOrder: {"NumberOrder":"000000005","DateOrder":"2013-08-20T17:23:28"}
23-08-2013 12:30:10 GetOrderList: {"UserID":"vic@artektiv.ru"}
23-08-2013 12:30:11 GetOrder: {"NumberOrder":"000000005","DateOrder":"2013-08-20T17:23:28"}
23-08-2013 12:49:13 GetOrderList: {"UserID":"vic@artektiv.ru"}
23-08-2013 12:49:14 GetOrder: {"NumberOrder":"000000005","DateOrder":"2013-08-20T17:23:28"}
23-08-2013 14:09:06 GetOrderList: {"UserID":"vic@artektiv.ru"}
23-08-2013 14:09:07 GetOrder: {"NumberOrder":"000000005","DateOrder":"2013-08-20T17:23:28"}
23-08-2013 14:09:08 GetMeasureOfSeat: []
23-08-2013 14:09:09 listCountries: {"filters":[],"sort":[[]]}
23-08-2013 14:09:14 getCities: {"id":"036"}
23-08-2013 14:09:15 getCities: {"id":"040"}
26-08-2013 11:43:07 GetOrderList: {"UserID":"vic@artektiv.ru"}
26-08-2013 11:43:08 GetOrder: {"NumberOrder":"000000005","DateOrder":"2013-08-20T17:23:28"}
27-08-2013 13:35:31 GetCategory: []
27-08-2013 13:35:39 GetSumm: {"Data":{"UserID":"vic@artektiv.ru","Strings":[{"Kod":"000000001","Summ":"1111.00"}],"ItIsCategory":"true","Number":"","Date":"","Currency":"643"}}
27-08-2013 13:35:44 ApplyMethod: {"Data":{"NumberOfPreOrder":"000000338","DateOfPreOrder":"2013-08-27T13:35:36","Company":"000000052","UserID":"vic@artektiv.ru","InsuranceType":"Прямой"}}
27-08-2013 13:35:46 listCountries: {"filters":[],"sort":[[]]}
27-08-2013 13:35:48 GetMeasureOfSeat: []
27-08-2013 13:36:11 getCities: {"id":"895"}
27-08-2013 13:36:38 listCountries: {"filters":[],"sort":[[]]}
27-08-2013 13:36:40 CreateOrder: {"Data":{"UserID":"vic@artektiv.ru","DateOfPreOrder":"2013-08-27T13:35:36","NumberOfPreOrder":"000000338","CompanyName":"sadljbvn","Beneficiary":"sd,mbkn_","NumberOfSeat":"Навалочные_(насыпные)_грузы:\r\n","Consignment":"214","NumberOfSeatMeasure":"AE","Weight":"NaN","WeightMeasure":"","Documents":"abdabsabd","StartDate":"2013-08-19","EndDate":"2013-08-30","Date":"","Number":"","Transports":[{"Country":"895","City":"000012546","Transport":"30","RegistrationNumber":"adsv"},{"Country":"895","City":"000013665","Transport":"40","RegistrationNumber":"sabcabcababbaabab"}]}}
27-08-2013 13:40:53 listCountries: {"filters":[],"sort":[[]]}
27-08-2013 13:41:18 listCountries: {"filters":[],"sort":[[]]}
27-08-2013 13:41:23 CreateOrder: {"Data":{"UserID":"vic@artektiv.ru","DateOfPreOrder":"2013-08-27T13:35:36","NumberOfPreOrder":"000000338","CompanyName":"sadljbvn","Beneficiary":"sd,mbkn_","NumberOfSeat":"214","Consignment":"Навалочные(насыпные)грузы:","NumberOfSeatMeasure":"AE","Weight":"NaN","WeightMeasure":"","Documents":"abdabsabd","StartDate":"2013-08-19","EndDate":"2013-08-30","Date":"","Number":"","Transports":[{"Country":"895","City":"000012546","Transport":"30","RegistrationNumber":"adsv"},{"Country":"895","City":"000013665","Transport":"40","RegistrationNumber":"sabcabcababbaabab"}]}}
27-08-2013 13:42:14 listCountries: {"filters":[],"sort":[[]]}
27-08-2013 13:42:16 CreateOrder: {"Data":{"UserID":"vic@artektiv.ru","DateOfPreOrder":"2013-08-27T13:35:36","NumberOfPreOrder":"000000338","CompanyName":"sadljbvn","Beneficiary":"sd,mbkn_","NumberOfSeat":"214","Consignment":"Навалочные(насыпные)грузы:","NumberOfSeatMeasure":"AE","Weight":"NaN","WeightMeasure":"","Documents":"abdabsabd","StartDate":"2013-08-19","EndDate":"2013-08-30","Date":"","Number":"","Transports":[{"Country":"895","City":"000012546","Transport":"30","RegistrationNumber":"adsv"},{"Country":"895","City":"000013665","Transport":"40","RegistrationNumber":"sabcabcababbaabab"}]}}
29-08-2013 19:25:39 GetCategory: []
29-08-2013 19:28:20 GetSumm: {"Data":{"UserID":"vic@artektiv.ru","Strings":[{"Kod":"000000001","Summ":"NaN"}],"ItIsCategory":"true","Number":"","Date":"","Currency":"643"}}
29-08-2013 19:28:28 GetSumm: {"Data":{"UserID":"vic@artektiv.ru","Strings":[{"Kod":"000000001","Summ":"1111.00"}],"ItIsCategory":"true","Number":"","Date":"","Currency":"643"}}
29-08-2013 19:28:34 ApplyMethod: {"Data":{"NumberOfPreOrder":"000000354","DateOfPreOrder":"2013-08-29T19:28:28","Company":"000000052","UserID":"vic@artektiv.ru","InsuranceType":"Прямой"}}
29-08-2013 19:28:36 listCountries: {"filters":[],"sort":[[]]}
29-08-2013 19:28:37 GetMeasureOfSeat: []
29-08-2013 19:31:22 getCities: {"id":"040"}
29-08-2013 19:31:27 getCities: {"id":"031"}
29-08-2013 19:31:42 listCountries: {"filters":[],"sort":[[]]}
29-08-2013 19:31:43 CreateOrder: {"Data":{"UserID":"vic@artektiv.ru","DateOfPreOrder":"2013-08-29T19:28:28","NumberOfPreOrder":"000000354","CompanyName":"sdljbvn","Beneficiary":";lsdkbn","NumberOfSeat":"Навалочные_(насыпные)_грузы:\r\n","Consignment":"slfdfjbnlosn","NumberOfSeatMeasure":"AE","Weight":"NaN","WeightMeasure":"","Documents":"lsdknvsln","StartDate":"2013-08-13","EndDate":"2013-08-22","Date":"","Number":"","Transports":[{"Country":"040","City":"000000213","Transport":"10","RegistrationNumber":"avav"},{"Country":"031","City":"000012557","Transport":"80","RegistrationNumber":"bssbsb"}]}}
29-08-2013 19:33:02 GetOrderList: {"UserID":"vic@artektiv.ru"}
29-08-2013 19:33:03 GetOrder: {"NumberOrder":"000000005","DateOrder":"2013-08-20T17:23:28"}
29-08-2013 19:35:13 listCountries: {"filters":[],"sort":[[]]}
29-08-2013 19:35:15 CreateOrder: {"Data":{"UserID":"vic@artektiv.ru","DateOfPreOrder":"2013-08-29T19:28:28","NumberOfPreOrder":"000000354","CompanyName":"sdljbvn","Beneficiary":";lsdkbn","NumberOfSeat":"Навалочные_(насыпные)_грузы:\r\n","Consignment":"slfdfjbnlosn","NumberOfSeatMeasure":"AE","Weight":"NaN","WeightMeasure":"","Documents":"lsdknvsln","StartDate":"2013-08-13","EndDate":"2013-08-22","Date":"","Number":"","Transports":[{"Country":"040","City":"000000213","Transport":"10","RegistrationNumber":"avav"},{"Country":"031","City":"000012557","Transport":"80","RegistrationNumber":"bssbsb"}]}}
29-08-2013 19:35:27 GetOrderList: {"UserID":"vic@artektiv.ru"}
29-08-2013 19:35:28 GetOrder: {"NumberOrder":"000000005","DateOrder":"2013-08-20T17:23:28"}
29-08-2013 19:36:00 GetOrderList: {"UserID":"vic@artektiv.ru"}
29-08-2013 19:36:01 GetOrder: {"NumberOrder":"000000005","DateOrder":"2013-08-20T17:23:28"}
29-08-2013 19:36:04 GetOrderList: {"UserID":"vic@artektiv.ru"}
29-08-2013 19:36:05 GetOrder: {"NumberOrder":"000000005","DateOrder":"2013-08-20T17:23:28"}
29-08-2013 19:40:43 GetOrderList: {"UserID":"vic@artektiv.ru"}
29-08-2013 19:40:44 GetOrder: {"NumberOrder":"000000005","DateOrder":"2013-08-20T17:23:28"}
30-08-2013 11:14:11 listCountries: {"filters":[],"sort":[[]]}
30-08-2013 11:14:13 GetMeasureOfSeat: []
30-08-2013 11:14:14 getCities: {"id":"040"}
30-08-2013 11:14:15 getCities: {"id":"031"}
30-08-2013 11:14:23 listCountries: {"filters":[],"sort":[[]]}
30-08-2013 11:16:10 listCountries: {"filters":[],"sort":[[]]}
30-08-2013 11:16:41 listCountries: {"filters":[],"sort":[[]]}
30-08-2013 11:17:56 GetOrderList: {"UserID":"vic@artektiv.ru"}
30-08-2013 11:17:57 GetOrder: {"NumberOrder":"000000005","DateOrder":"2013-08-20T17:23:28"}
30-08-2013 11:18:06 listCountries: {"filters":[],"sort":[[]]}
30-08-2013 11:18:26 GetCategory: []
30-08-2013 11:18:27 listCountries: {"filters":[],"sort":[[]]}
30-08-2013 11:22:42 listCountries: {"filters":[],"sort":[[]]}
30-08-2013 12:31:48 listCountries: {"filters":[],"sort":[[]]}
30-08-2013 12:31:59 GetMeasureOfSeat: []
30-08-2013 12:32:24 listCountries: {"filters":[],"sort":[[]]}
30-08-2013 12:33:04 listCountries: {"filters":[],"sort":[[]]}
